# JRE version: Java(TM) SE Runtime Environment (7.0_60-b19) (build 1.7.0_60-b19)
# Java VM: Java HotSpot(TM) 64-Bit Server VM (24.60-b09 mixed mode bsd-amd64 compressed oops)
Heap
 PSYoungGen      total 101888K, used 8545K [0x00000007aaa80000, 0x00000007b5180000, 0x0000000800000000)
  eden space 46592K, 18% used [0x00000007aaa80000,0x00000007ab2d8528,0x00000007ad800000)
  from space 55296K, 0% used [0x00000007b1280000,0x00000007b1280000,0x00000007b4880000)
  to   space 59904K, 0% used [0x00000007ad800000,0x00000007ad800000,0x00000007b1280000)
 ParOldGen       total 146432K, used 145906K [0x0000000700000000, 0x0000000708f00000, 0x00000007aaa80000)
  object space 146432K, 99% used [0x0000000700000000,0x0000000708e7c9a8,0x0000000708f00000)
 PSPermGen       total 21504K, used 8825K [0x00000006fae00000, 0x00000006fc300000, 0x0000000700000000)
  object space 21504K, 41% used [0x00000006fae00000,0x00000006fb69e710,0x00000006fc300000)
GC Heap History (10 events):
Event: 2.747 GC heap before
{Heap before GC invocations=11 (full 2):
 PSYoungGen      total 59392K, used 50208K [0x00000007aaa80000, 0x00000007b0480000, 0x0000000800000000)
  eden space 36864K, 100% used [0x00000007aaa80000,0x00000007ace80000,0x00000007ace80000)
  from space 22528K, 59% used [0x00000007aee80000,0x00000007afb88000,0x00000007b0480000)
  to   space 27648K, 0% used [0x00000007ace80000,0x00000007ace80000,0x00000007ae980000)
 ParOldGen       total 146432K, used 82345K [0x0000000700000000, 0x0000000708f00000, 0x00000007aaa80000)
  object space 146432K, 56% used [0x0000000700000000,0x000000070506a608,0x0000000708f00000)
 PSPermGen       total 21504K, used 7066K [0x00000006fae00000, 0x00000006fc300000, 0x0000000700000000)
  object space 21504K, 32% used [0x00000006fae00000,0x00000006fb4e6840,0x00000006fc300000)
Event: 2.794 GC heap after
Heap after GC invocations=11 (full 2):
 PSYoungGen      total 64512K, used 27616K [0x00000007aaa80000, 0x00000007b1e80000, 0x0000000800000000)
  eden space 36864K, 0% used [0x00000007aaa80000,0x00000007aaa80000,0x00000007ace80000)
  from space 27648K, 99% used [0x00000007ace80000,0x00000007ae978030,0x00000007ae980000)
  to   space 35840K, 0% used [0x00000007afb80000,0x00000007afb80000,0x00000007b1e80000)
 ParOldGen       total 146432K, used 92577K [0x0000000700000000, 0x0000000708f00000, 0x00000007aaa80000)
  object space 146432K, 63% used [0x0000000700000000,0x0000000705a68608,0x0000000708f00000)
 PSPermGen       total 21504K, used 7066K [0x00000006fae00000, 0x00000006fc300000, 0x0000000700000000)
  object space 21504K, 32% used [0x00000006fae00000,0x00000006fb4e6840,0x00000006fc300000)
}
Event: 3.106 GC heap before
{Heap before GC invocations=12 (full 2):
 PSYoungGen      total 64512K, used 64480K [0x00000007aaa80000, 0x00000007b1e80000, 0x0000000800000000)
  eden space 36864K, 100% used [0x00000007aaa80000,0x00000007ace80000,0x00000007ace80000)
  from space 27648K, 99% used [0x00000007ace80000,0x00000007ae978030,0x00000007ae980000)
  to   space 35840K, 0% used [0x00000007afb80000,0x00000007afb80000,0x00000007b1e80000)
 ParOldGen       total 146432K, used 92577K [0x0000000700000000, 0x0000000708f00000, 0x00000007aaa80000)
  object space 146432K, 63% used [0x0000000700000000,0x0000000705a68608,0x0000000708f00000)
 PSPermGen       total 21504K, used 7103K [0x00000006fae00000, 0x00000006fc300000, 0x0000000700000000)
  object space 21504K, 33% used [0x00000006fae00000,0x00000006fb4efc68,0x00000006fc300000)
Event: 3.216 GC heap after
Heap after GC invocations=12 (full 2):
 PSYoungGen      total 76288K, used 35808K [0x00000007aaa80000, 0x00000007b2b80000, 0x0000000800000000)
  eden space 40448K, 0% used [0x00000007aaa80000,0x00000007aaa80000,0x00000007ad200000)
  from space 35840K, 99% used [0x00000007afb80000,0x00000007b1e78030,0x00000007b1e80000)
  to   space 42496K, 0% used [0x00000007ad200000,0x00000007ad200000,0x00000007afb80000)
 ParOldGen       total 146432K, used 97207K [0x0000000700000000, 0x0000000708f00000, 0x00000007aaa80000)
  object space 146432K, 66% used [0x0000000700000000,0x0000000705eedf18,0x0000000708f00000)
 PSPermGen       total 21504K, used 7103K [0x00000006fae00000, 0x00000006fc300000, 0x0000000700000000)
  object space 21504K, 33% used [0x00000006fae00000,0x00000006fb4efc68,0x00000006fc300000)
}
Event: 3.517 GC heap before
{Heap before GC invocations=13 (full 2):
 PSYoungGen      total 76288K, used 76256K [0x00000007aaa80000, 0x00000007b2b80000, 0x0000000800000000)
  eden space 40448K, 100% used [0x00000007aaa80000,0x00000007ad200000,0x00000007ad200000)
  from space 35840K, 99% used [0x00000007afb80000,0x00000007b1e78030,0x00000007b1e80000)
  to   space 42496K, 0% used [0x00000007ad200000,0x00000007ad200000,0x00000007afb80000)
 ParOldGen       total 146432K, used 97207K [0x0000000700000000, 0x0000000708f00000, 0x00000007aaa80000)
  object space 146432K, 66% used [0x0000000700000000,0x0000000705eedf18,0x0000000708f00000)
 PSPermGen       total 21504K, used 7111K [0x00000006fae00000, 0x00000006fc300000, 0x0000000700000000)
  object space 21504K, 33% used [0x00000006fae00000,0x00000006fb4f1de8,0x00000006fc300000)
Event: 3.591 GC heap after
Heap after GC invocations=13 (full 2):
 PSYoungGen      total 82944K, used 42464K [0x00000007aaa80000, 0x00000007b4880000, 0x0000000800000000)
  eden space 40448K, 0% used [0x00000007aaa80000,0x00000007aaa80000,0x00000007ad200000)
  from space 42496K, 99% used [0x00000007ad200000,0x00000007afb78070,0x00000007afb80000)
  to   space 55296K, 0% used [0x00000007b1280000,0x00000007b1280000,0x00000007b4880000)
 ParOldGen       total 146432K, used 114927K [0x0000000700000000, 0x0000000708f00000, 0x00000007aaa80000)
  object space 146432K, 78% used [0x0000000700000000,0x000000070703bf88,0x0000000708f00000)
 PSPermGen       total 21504K, used 7111K [0x00000006fae00000, 0x00000006fc300000, 0x0000000700000000)
  object space 21504K, 33% used [0x00000006fae00000,0x00000006fb4f1de8,0x00000006fc300000)
}
Event: 3.699 GC heap before
{Heap before GC invocations=14 (full 2):
 PSYoungGen      total 82944K, used 56566K [0x00000007aaa80000, 0x00000007b4880000, 0x0000000800000000)
  eden space 40448K, 34% used [0x00000007aaa80000,0x00000007ab845ac8,0x00000007ad200000)
  from space 42496K, 99% used [0x00000007ad200000,0x00000007afb78070,0x00000007afb80000)
  to   space 55296K, 0% used [0x00000007b1280000,0x00000007b1280000,0x00000007b4880000)
 ParOldGen       total 146432K, used 114927K [0x0000000700000000, 0x0000000708f00000, 0x00000007aaa80000)
  object space 146432K, 78% used [0x0000000700000000,0x000000070703bf88,0x0000000708f00000)
 PSPermGen       total 21504K, used 7776K [0x00000006fae00000, 0x00000006fc300000, 0x0000000700000000)
  object space 21504K, 36% used [0x00000006fae00000,0x00000006fb598268,0x00000006fc300000)
Event: 3.816 GC heap after
Heap after GC invocations=14 (full 2):
 PSYoungGen      total 101888K, used 43970K [0x00000007aaa80000, 0x00000007b5180000, 0x0000000800000000)
  eden space 46592K, 0% used [0x00000007aaa80000,0x00000007aaa80000,0x00000007ad800000)
  from space 55296K, 79% used [0x00000007b1280000,0x00000007b3d709a0,0x00000007b4880000)
  to   space 59904K, 0% used [0x00000007ad800000,0x00000007ad800000,0x00000007b1280000)
 ParOldGen       total 146432K, used 121431K [0x0000000700000000, 0x0000000708f00000, 0x00000007aaa80000)
  object space 146432K, 82% used [0x0000000700000000,0x0000000707695f88,0x0000000708f00000)
 PSPermGen       total 21504K, used 7776K [0x00000006fae00000, 0x00000006fc300000, 0x0000000700000000)
  object space 21504K, 36% used [0x00000006fae00000,0x00000006fb598268,0x00000006fc300000)
}
Event: 3.816 GC heap before
{Heap before GC invocations=15 (full 3):
 PSYoungGen      total 101888K, used 43970K [0x00000007aaa80000, 0x00000007b5180000, 0x0000000800000000)
  eden space 46592K, 0% used [0x00000007aaa80000,0x00000007aaa80000,0x00000007ad800000)
  from space 55296K, 79% used [0x00000007b1280000,0x00000007b3d709a0,0x00000007b4880000)
  to   space 59904K, 0% used [0x00000007ad800000,0x00000007ad800000,0x00000007b1280000)
 ParOldGen       total 146432K, used 121431K [0x0000000700000000, 0x0000000708f00000, 0x00000007aaa80000)
  object space 146432K, 82% used [0x0000000700000000,0x0000000707695f88,0x0000000708f00000)
 PSPermGen       total 21504K, used 7776K [0x00000006fae00000, 0x00000006fc300000, 0x0000000700000000)
  object space 21504K, 36% used [0x00000006fae00000,0x00000006fb598268,0x00000006fc300000)
Event: 4.366 GC heap after
Heap after GC invocations=15 (full 3):
 PSYoungGen      total 101888K, used 0K [0x00000007aaa80000, 0x00000007b5180000, 0x0000000800000000)
  eden space 46592K, 0% used [0x00000007aaa80000,0x00000007aaa80000,0x00000007ad800000)
  from space 55296K, 0% used [0x00000007b1280000,0x00000007b1280000,0x00000007b4880000)
  to   space 59904K, 0% used [0x00000007ad800000,0x00000007ad800000,0x00000007b1280000)
 ParOldGen       total 146432K, used 145906K [0x0000000700000000, 0x0000000708f00000, 0x00000007aaa80000)
  object space 146432K, 99% used [0x0000000700000000,0x0000000708e7c9a8,0x0000000708f00000)
 PSPermGen       total 21504K, used 7776K [0x00000006fae00000, 0x00000006fc300000, 0x0000000700000000)
  object space 21504K, 36% used [0x00000006fae00000,0x00000006fb598150,0x00000006fc300000)
}

